Library/Bee/Android/Prj/Mono2x/Gradle/unityLibrary/build/intermediates/manifest_merge_blame_file/release/manifest-merger-blame-release-report.txt
1<?xml version="1.0" encoding="utf-8"?>
2<manifest xmlns:android="http://schemas.android.com/apk/res/android"
3    xmlns:tools="http://schemas.android.com/tools"
4    package="com.unity3d.player"
5    android:versionCode="1"
6    android:versionName="0.4" >
7
8    <uses-sdk
9        android:minSdkVersion="22"
9-->src\main\AndroidManifest.xml
10        android:targetSdkVersion="30" />
10-->src\main\AndroidManifest.xml
11
12    <uses-feature android:glEsVersion="0x00030000" />
12-->src\main\AndroidManifest.xml:21:3-52
12-->src\main\AndroidManifest.xml:21:17-49
13    <uses-feature
13-->src\main\AndroidManifest.xml:22:3-91
14        android:name="android.hardware.vulkan.version"
14-->src\main\AndroidManifest.xml:22:17-63
15        android:required="false" />
15-->src\main\AndroidManifest.xml:22:64-88
16
17    <uses-permission android:name="android.permission.INTERNET" />
17-->src\main\AndroidManifest.xml:23:3-65
17-->src\main\AndroidManifest.xml:23:20-62
18    <uses-permission android:name="android.permission.RECORD_AUDIO" />
18-->src\main\AndroidManifest.xml:24:3-69
18-->src\main\AndroidManifest.xml:24:20-66
19    <uses-permission android:name="android.permission.MODIFY_AUDIO_SETTINGS" />
19-->src\main\AndroidManifest.xml:25:3-78
19-->src\main\AndroidManifest.xml:25:20-75
20    <uses-permission android:name="android.permission.BLUETOOTH" />
20-->src\main\AndroidManifest.xml:26:3-66
20-->src\main\AndroidManifest.xml:26:20-63
21
22    <uses-feature
22-->src\main\AndroidManifest.xml:27:3-87
23        android:name="android.hardware.microphone"
23-->src\main\AndroidManifest.xml:27:17-59
24        android:required="false" />
24-->src\main\AndroidManifest.xml:27:60-84
25    <uses-feature
25-->src\main\AndroidManifest.xml:28:3-88
26        android:name="android.hardware.touchscreen"
26-->src\main\AndroidManifest.xml:28:17-60
27        android:required="false" />
27-->src\main\AndroidManifest.xml:28:61-85
28    <uses-feature
28-->src\main\AndroidManifest.xml:29:3-99
29        android:name="android.hardware.touchscreen.multitouch"
29-->src\main\AndroidManifest.xml:29:17-71
30        android:required="false" />
30-->src\main\AndroidManifest.xml:29:72-96
31    <uses-feature
31-->src\main\AndroidManifest.xml:30:3-108
32        android:name="android.hardware.touchscreen.multitouch.distinct"
32-->src\main\AndroidManifest.xml:30:17-80
33        android:required="false" />
33-->src\main\AndroidManifest.xml:30:81-105
34
35    <application android:extractNativeLibs="true" >
35-->src\main\AndroidManifest.xml:3:3-20:17
35-->src\main\AndroidManifest.xml:3:16-48
36        <activity
36-->src\main\AndroidManifest.xml:4:5-14:16
37            android:name="com.unity3d.player.UnityPlayerActivity"
37-->src\main\AndroidManifest.xml:4:15-68
38            android:configChanges="mcc|mnc|locale|touchscreen|keyboard|keyboardHidden|navigation|orientation|screenLayout|uiMode|screenSize|smallestScreenSize|fontScale|layoutDirection|density"
38-->src\main\AndroidManifest.xml:4:180-361
39            android:hardwareAccelerated="false"
39-->src\main\AndroidManifest.xml:4:396-431
40            android:launchMode="singleTask"
40-->src\main\AndroidManifest.xml:4:148-179
41            android:resizeableActivity="true"
41-->src\main\AndroidManifest.xml:4:362-395
42            android:screenOrientation="fullUser"
42-->src\main\AndroidManifest.xml:4:111-147
43            android:theme="@style/UnityThemeSelector" >
43-->src\main\AndroidManifest.xml:4:69-110
44            <intent-filter>
44-->src\main\AndroidManifest.xml:5:7-8:23
45                <action android:name="android.intent.action.MAIN" />
45-->src\main\AndroidManifest.xml:6:9-61
45-->src\main\AndroidManifest.xml:6:17-58
46
47                <category android:name="android.intent.category.LAUNCHER" />
47-->src\main\AndroidManifest.xml:7:9-69
47-->src\main\AndroidManifest.xml:7:19-66
48            </intent-filter>
49
50            <meta-data
50-->src\main\AndroidManifest.xml:9:7-82
51                android:name="unityplayer.UnityActivity"
51-->src\main\AndroidManifest.xml:9:18-58
52                android:value="true" />
52-->src\main\AndroidManifest.xml:9:59-79
53            <meta-data
53-->src\main\AndroidManifest.xml:10:7-128
54                android:name="WindowManagerPreference:FreeformWindowSize"
54-->src\main\AndroidManifest.xml:10:18-75
55                android:value="@string/FreeformWindowSize_tablet" />
55-->src\main\AndroidManifest.xml:10:76-125
56            <meta-data
56-->src\main\AndroidManifest.xml:11:7-145
57                android:name="WindowManagerPreference:FreeformWindowOrientation"
57-->src\main\AndroidManifest.xml:11:18-82
58                android:value="@string/FreeformWindowOrientation_landscape" />
58-->src\main\AndroidManifest.xml:11:83-142
59
60            <layout
60-->src\main\AndroidManifest.xml:12:7-129
61                android:defaultHeight="1080px"
61-->src\main\AndroidManifest.xml:12:15-45
62                android:defaultWidth="1920px"
62-->src\main\AndroidManifest.xml:12:46-75
63                android:minHeight="300px"
63-->src\main\AndroidManifest.xml:12:76-101
64                android:minWidth="400px" />
64-->src\main\AndroidManifest.xml:12:102-126
65
66            <meta-data
66-->src\main\AndroidManifest.xml:13:7-78
67                android:name="android.notch_support"
67-->src\main\AndroidManifest.xml:13:18-54
68                android:value="true" />
68-->src\main\AndroidManifest.xml:13:55-75
69        </activity>
70
71        <meta-data
71-->src\main\AndroidManifest.xml:15:5-69
72            android:name="unity.splash-mode"
72-->src\main\AndroidManifest.xml:15:16-48
73            android:value="0" />
73-->src\main\AndroidManifest.xml:15:49-66
74        <meta-data
74-->src\main\AndroidManifest.xml:16:5-74
75            android:name="unity.splash-enable"
75-->src\main\AndroidManifest.xml:16:16-50
76            android:value="True" />
76-->src\main\AndroidManifest.xml:16:51-71
77        <meta-data
77-->src\main\AndroidManifest.xml:17:5-78
78            android:name="unity.launch-fullscreen"
78-->src\main\AndroidManifest.xml:17:16-54
79            android:value="True" />
79-->src\main\AndroidManifest.xml:17:55-75
80        <meta-data
80-->src\main\AndroidManifest.xml:18:5-83
81            android:name="unity.allow-resizable-window"
81-->src\main\AndroidManifest.xml:18:16-59
82            android:value="True" />
82-->src\main\AndroidManifest.xml:18:60-80
83        <meta-data
83-->src\main\AndroidManifest.xml:19:5-81
84            android:name="notch.config"
84-->src\main\AndroidManifest.xml:19:16-43
85            android:value="portrait|landscape" />
85-->src\main\AndroidManifest.xml:19:44-78
86    </application>
87
88</manifest>